[    0.000000] Initializing cgroup subsys cpuset
[    0.000000] Initializing cgroup subsys cpu
[    0.000000] Initializing cgroup subsys cpuacct
[    0.000000] Linux version 4.4.0-112-generic (buildd@lgw01-amd64-010) (gcc version 5.4.0 20160609 (Ubuntu 5.4.0-6ubuntu1~16.04.5) ) #135-Ubuntu SMP Fri Jan 19 11:48:36 UTC 2018 (Ubuntu 4.4.0-112.135-generic 4.4.98)
[    0.000000] Command line: BOOT_IMAGE=/boot/vmlinuz-4.4.0-112-generic root=LABEL=cloudimg-rootfs ro console=tty1 console=ttyS0
[    0.000000] KERNEL supported cpus:
[    0.000000]   Intel GenuineIntel
[    0.000000]   AMD AuthenticAMD
[    0.000000]   Centaur CentaurHauls
[    0.000000] ------------[ cut here ]------------
[    0.000000] WARNING: CPU: 0 PID: 0 at /build/linux-HSAA8v/linux-4.4.0/arch/x86/kernel/fpu/xstate.c:517 fpu__init_system_xstate+0x38b/0x75a()
[    0.000000] XSAVE consistency problem, dumping leaves
[    0.000000] Modules linked in:
[    0.000000] CPU: 0 PID: 0 Comm: swapper Not tainted 4.4.0-112-generic #135-Ubuntu
[    0.000000]  0000000000000086 223ccb7c334419fa ffffffff81e03d80 ffffffff813fc233
[    0.000000]  ffffffff81e03dc8 ffffffff81cab100 ffffffff81e03db8 ffffffff81081f82
[    0.000000]  ffffffff81e03e48 ffffffff81e03e4c 0000000000000008 0000000000000100
[    0.000000] Call Trace:
[    0.000000]  [<ffffffff813fc233>] dump_stack+0x63/0x90
[    0.000000]  [<ffffffff81081f82>] warn_slowpath_common+0x82/0xc0
[    0.000000]  [<ffffffff8108201c>] warn_slowpath_fmt+0x5c/0x80
[    0.000000]  [<ffffffff8107dc20>] ? xfeature_size+0x59/0x77
[    0.000000]  [<ffffffff81f72275>] fpu__init_system_xstate+0x38b/0x75a
[    0.000000]  [<ffffffff81f62120>] ? early_idt_handler_array+0x120/0x120
[    0.000000]  [<ffffffff81f71be0>] fpu__init_system+0x10d/0x245
[    0.000000]  [<ffffffff81f72ce9>] early_cpu_init+0x139/0x13e
[    0.000000]  [<ffffffff81f72ce9>] ? early_cpu_init+0x139/0x13e
[    0.000000]  [<ffffffff81f6e19b>] setup_arch+0xb4/0xcfb
[    0.000000]  [<ffffffff81f62120>] ? early_idt_handler_array+0x120/0x120
[    0.000000]  [<ffffffff81f62c74>] start_kernel+0xe4/0x4a7
[    0.000000]  [<ffffffff81f62120>] ? early_idt_handler_array+0x120/0x120
[    0.000000]  [<ffffffff81f62339>] x86_64_start_reservations+0x2a/0x2c
[    0.000000]  [<ffffffff81f62485>] x86_64_start_kernel+0x14a/0x16d
[    0.000000] ---[ end trace 4d5ff9f2f68c4233 ]---
[    0.000000] CPUID[0d, 00]: eax=00000007 ebx=00000440 ecx=00000440 edx=00000000
[    0.000000] CPUID[0d, 01]: eax=00000000 ebx=000003c0 ecx=00000000 edx=00000000
[    0.000000] CPUID[0d, 02]: eax=00000100 ebx=00000240 ecx=00000000 edx=00000000
[    0.000000] CPUID[0d, 03]: eax=00000000 ebx=00000000 ecx=00000000 edx=00000000
[    0.000000] CPUID[0d, 04]: eax=00000000 ebx=00000000 ecx=00000000 edx=00000000
[    0.000000] CPUID[0d, 05]: eax=00000000 ebx=00000000 ecx=00000000 edx=00000000
[    0.000000] CPUID[0d, 06]: eax=00000000 ebx=00000000 ecx=00000000 edx=00000000
[    0.000000] CPUID[0d, 07]: eax=00000000 ebx=00000000 ecx=00000000 edx=00000000
[    0.000000] CPUID[0d, 08]: eax=00000000 ebx=00000000 ecx=00000000 edx=00000000
[    0.000000] CPUID[0d, 09]: eax=00000000 ebx=00000000 ecx=00000000 edx=00000000
[    0.000000] CPUID[0d, 0a]: eax=00000000 ebx=00000000 ecx=00000000 edx=00000000
[    0.000000] CPUID[0d, 0b]: eax=00000000 ebx=00000000 ecx=00000000 edx=00000000
[    0.000000] CPUID[0d, 0c]: eax=00000000 ebx=00000000 ecx=00000000 edx=00000000
[    0.000000] CPUID[0d, 0d]: eax=00000000 ebx=00000000 ecx=00000000 edx=00000000
[    0.000000] CPUID[0d, 0e]: eax=00000000 ebx=00000000 ecx=00000000 edx=00000000
[    0.000000] CPUID[0d, 0f]: eax=00000000 ebx=00000000 ecx=00000000 edx=00000000
[    0.000000] CPUID[0d, 10]: eax=00000000 ebx=00000000 ecx=00000000 edx=00000000
[    0.000000] CPUID[0d, 11]: eax=00000000 ebx=00000000 ecx=00000000 edx=00000000
[    0.000000] x86/fpu: xstate_offset[2]:  576, xstate_sizes[2]:  256
[    0.000000] x86/fpu: Supporting XSAVE feature 0x01: 'x87 floating point registers'
[    0.000000] x86/fpu: Supporting XSAVE feature 0x02: 'SSE registers'
[    0.000000] x86/fpu: Supporting XSAVE feature 0x04: 'AVX registers'
[    0.000000] x86/fpu: Enabled xstate features 0x7, context size is 1088 bytes, using 'standard' format.
[    0.000000] x86/fpu: Using 'lazy' FPU context switches.
[    0.000000] e820: BIOS-provided physical RAM map:
[    0.000000] BIOS-e820: [mem 0x0000000000000000-0x000000000009fbff] usable
[    0.000000] BIOS-e820: [mem 0x000000000009fc00-0x000000000009ffff] reserved
[    0.000000] BIOS-e820: [mem 0x00000000000f0000-0x00000000000fffff] reserved
[    0.000000] BIOS-e820: [mem 0x0000000000100000-0x000000003ffeffff] usable
[    0.000000] BIOS-e820: [mem 0x000000003fff0000-0x000000003fffffff] ACPI data
[    0.000000] BIOS-e820: [mem 0x00000000fec00000-0x00000000fec00fff] reserved
[    0.000000] BIOS-e820: [mem 0x00000000fee00000-0x00000000fee00fff] reserved
[    0.000000] BIOS-e820: [mem 0x00000000fffc0000-0x00000000ffffffff] reserved
[    0.000000] NX (Execute Disable) protection: active
[    0.000000] SMBIOS 2.5 present.
[    0.000000] Hypervisor detected: KVM
[    0.000000] e820: last_pfn = 0x3fff0 max_arch_pfn = 0x400000000
[    0.000000] MTRR: Disabled
[    0.000000] x86/PAT: MTRRs disabled, skipping PAT initialization too.
[    0.000000] CPU MTRRs all blank - virtualized system.
[    0.000000] x86/PAT: Configuration [0-7]: WB  WT  UC- UC  WB  WT  UC- UC  
[    0.000000] found SMP MP-table at [mem 0x0009fff0-0x0009ffff] mapped at [ffff88000009fff0]
[    0.000000] Scanning 1 areas for low memory corruption
[    0.000000] RAMDISK: [mem 0x36adc000-0x37565fff]
[    0.000000] ACPI: Early table checksum verification disabled
[    0.000000] ACPI: RSDP 0x00000000000E0000 000024 (v02 VBOX  )
[    0.000000] ACPI: XSDT 0x000000003FFF0030 00003C (v01 VBOX   VBOXXSDT 00000001 ASL  00000061)
[    0.000000] ACPI: FACP 0x000000003FFF00F0 0000F4 (v04 VBOX   VBOXFACP 00000001 ASL  00000061)
[    0.000000] ACPI: DSDT 0x000000003FFF0470 0021FF (v02 VBOX   VBOXBIOS 00000002 INTL 20170728)
[    0.000000] ACPI: FACS 0x000000003FFF0200 000040
[    0.000000] ACPI: FACS 0x000000003FFF0200 000040
[    0.000000] ACPI: APIC 0x000000003FFF0240 00005C (v02 VBOX   VBOXAPIC 00000001 ASL  00000061)
[    0.000000] ACPI: SSDT 0x000000003FFF02A0 0001CC (v01 VBOX   VBOXCPUT 00000002 INTL 20170728)
[    0.000000] No NUMA configuration found
[    0.000000] Faking a node at [mem 0x0000000000000000-0x000000003ffeffff]
[    0.000000] NODE_DATA(0) allocated [mem 0x3ffeb000-0x3ffeffff]
[    0.000000] kvm-clock: Using msrs 4b564d01 and 4b564d00
[    0.000000] kvm-clock: cpu 0, msr 0:3ffe3001, primary cpu clock
[    0.000000] kvm-clock: using sched offset of 2948829827 cycles
[    0.000000] clocksource: kvm-clock: mask: 0xffffffffffffffff max_cycles: 0x1cd42e4dffb, max_idle_ns: 881590591483 ns
[    0.000000] Zone ranges:
[    0.000000]   DMA      [mem 0x0000000000001000-0x0000000000ffffff]
[    0.000000]   DMA32    [mem 0x0000000001000000-0x000000003ffeffff]
[    0.000000]   Normal   empty
[    0.000000]   Device   empty
[    0.000000] Movable zone start for each node
[    0.000000] Early memory node ranges
[    0.000000]   node   0: [mem 0x0000000000001000-0x000000000009efff]
[    0.000000]   node   0: [mem 0x0000000000100000-0x000000003ffeffff]
[    0.000000] Initmem setup node 0 [mem 0x0000000000001000-0x000000003ffeffff]
[    0.000000] ACPI: PM-Timer IO Port: 0x4008
[    0.000000] IOAPIC[0]: apic_id 2, version 32, address 0xfec00000, GSI 0-23
[    0.000000] ACPI: INT_SRC_OVR (bus 0 bus_irq 0 global_irq 2 dfl dfl)
[    0.000000] ACPI: INT_SRC_OVR (bus 0 bus_irq 9 global_irq 9 high level)
[    0.000000] Using ACPI (MADT) for SMP configuration information
[    0.000000] smpboot: Allowing 2 CPUs, 0 hotplug CPUs
[    0.000000] PM: Registered nosave memory: [mem 0x00000000-0x00000fff]
[    0.000000] PM: Registered nosave memory: [mem 0x0009f000-0x0009ffff]
[    0.000000] PM: Registered nosave memory: [mem 0x000a0000-0x000effff]
[    0.000000] PM: Registered nosave memory: [mem 0x000f0000-0x000fffff]
[    0.000000] e820: [mem 0x40000000-0xfebfffff] available for PCI devices
[    0.000000] Booting paravirtualized kernel on KVM
[    0.000000] clocksource: refined-jiffies: mask: 0xffffffff max_cycles: 0xffffffff, max_idle_ns: 7645519600211568 ns
[    0.000000] setup_percpu: NR_CPUS:512 nr_cpumask_bits:512 nr_cpu_ids:2 nr_node_ids:1
[    0.000000] PERCPU: Embedded 34 pages/cpu @ffff88003fc00000 s99544 r8192 d31528 u1048576
[    0.000000] PV qspinlock hash table entries: 256 (order: 0, 4096 bytes)
[    0.000000] Built 1 zonelists in Node order, mobility grouping on.  Total pages: 257913
[    0.000000] Policy zone: DMA32
[    0.000000] Kernel command line: BOOT_IMAGE=/boot/vmlinuz-4.4.0-112-generic root=LABEL=cloudimg-rootfs ro console=tty1 console=ttyS0
[    0.000000] PID hash table entries: 4096 (order: 3, 32768 bytes)
[    0.000000] Memory: 1001740K/1048120K available (8499K kernel code, 1309K rwdata, 3988K rodata, 1508K init, 1316K bss, 46380K reserved, 0K cma-reserved)
[    0.000000] SLUB: HWalign=64, Order=0-3, MinObjects=0, CPUs=2, Nodes=1
[    0.000000] Kernel/User page tables isolation: enabled
[    0.000000] Hierarchical RCU implementation.
[    0.000000] 	Build-time adjustment of leaf fanout to 64.
[    0.000000] 	RCU restricting CPUs from NR_CPUS=512 to nr_cpu_ids=2.
[    0.000000] RCU: Adjusting geometry for rcu_fanout_leaf=64, nr_cpu_ids=2
[    0.000000] NR_IRQS:33024 nr_irqs:440 16
[    0.000000] Console: colour VGA+ 80x25
[    0.000000] console [tty1] enabled
[    0.000000] console [ttyS0] enabled
[    0.000000] tsc: Detected 3408.000 MHz processor
[    0.770886] Calibrating delay loop (skipped) preset value.. 6816.00 BogoMIPS (lpj=13632000)
[    1.017641] pid_max: default: 32768 minimum: 301
[    1.071015] ACPI: Core revision 20150930
[    1.072228] ACPI: 2 ACPI AML tables successfully acquired and loaded
[    1.073064] Security Framework initialized
[    1.073580] Yama: becoming mindful.
[    1.074053] AppArmor: AppArmor initialized
[    1.074619] Dentry cache hash table entries: 131072 (order: 8, 1048576 bytes)
[    1.075806] Inode-cache hash table entries: 65536 (order: 7, 524288 bytes)
[    1.076618] Mount-cache hash table entries: 2048 (order: 2, 16384 bytes)
[    1.077385] Mountpoint-cache hash table entries: 2048 (order: 2, 16384 bytes)
[    1.078256] Initializing cgroup subsys io
[    1.078801] Initializing cgroup subsys memory
[    1.079340] Initializing cgroup subsys devices
[    1.079887] Initializing cgroup subsys freezer
[    1.080469] Initializing cgroup subsys net_cls
[    1.081049] Initializing cgroup subsys perf_event
[    1.081614] Initializing cgroup subsys net_prio
[    1.082166] Initializing cgroup subsys hugetlb
[    1.082708] Initializing cgroup subsys pids
[    1.083287] CPU: Physical Processor ID: 0
[    1.083794] CPU: Processor Core ID: 0
[    1.084289] FEATURE SPEC_CTRL Not Present
[    1.085808] mce: CPU supports 0 MCE banks
[    1.086337] Last level iTLB entries: 4KB 64, 2MB 8, 4MB 8
[    1.086958] Last level dTLB entries: 4KB 64, 2MB 0, 4MB 0, 1GB 4
[    1.095836] Freeing SMP alternatives memory: 32K
[    1.225755] ftrace: allocating 32180 entries in 126 pages
[    1.363081] smpboot: APIC(0) Converting physical 0 to logical package 0
[    1.448287] smpboot: Max logical packages: 1
[    1.522770] x2apic enabled
[    1.606327] Switched APIC routing to physical x2apic.
[    1.648960] ..TIMER: vector=0x30 apic1=0 pin1=2 apic2=-1 pin2=-1
[    1.915845] smpboot: CPU0: Intel(R) Core(TM) i7-6700 CPU @ 3.40GHz (family: 0x6, model: 0x5e, stepping: 0x3)
[    2.069242] Performance Events: unsupported p6 CPU model 94 no PMU driver, software events only.
[    2.070381] KVM setup paravirtual spinlock
[    2.071423] x86: Booting SMP configuration:
[    2.071960] .... node  #0, CPUs:      #1
[    2.072560] kvm-clock: cpu 1, msr 0:3ffe3041, secondary cpu clock
[    2.074055] mce: CPU supports 0 MCE banks
[    2.076357] x86: Booted up 1 node, 2 CPUs
[    2.077043] smpboot: Total of 2 processors activated (13632.00 BogoMIPS)
[    2.078137] devtmpfs: initialized
[    2.081543] evm: security.selinux
[    2.187485] evm: security.SMACK64
[    2.290570] evm: security.SMACK64EXEC
[    2.378058] evm: security.SMACK64TRANSMUTE
[    2.378605] evm: security.SMACK64MMAP
[    2.379114] evm: security.ima
[    2.379563] evm: security.capability
[    2.380222] clocksource: jiffies: mask: 0xffffffff max_cycles: 0xffffffff, max_idle_ns: 7645041785100000 ns
[    2.381501] futex hash table entries: 512 (order: 3, 32768 bytes)
[    2.382367] pinctrl core: initialized pinctrl subsystem
[    2.386669] RTC time: 14:19:35, date: 02/22/18
[    2.387417] NET: Registered protocol family 16
[    2.399860] cpuidle: using governor ladder
[    2.536640] cpuidle: using governor menu
[    2.614738] PCCT header not found.
[    2.656207] ACPI: bus type PCI registered
[    2.786129] acpiphp: ACPI Hot Plug PCI Controller Driver version: 0.5
[    2.992812] PCI: Using configuration type 1 for base access
[    3.173083] ACPI: Added _OSI(Module Device)
[    3.293846] ACPI: Added _OSI(Processor Device)
[    3.420247] ACPI: Added _OSI(3.0 _SCP Extensions)
[    3.433496] ACPI: Added _OSI(Processor Aggregator Device)
[    3.434847] ACPI: Executed 1 blocks of module-level executable AML code
[    3.437547] ACPI: Interpreter enabled
[    3.438126] ACPI: (supports S0 S5)
[    3.443214] ACPI: Using IOAPIC for interrupt routing
[    3.443933] PCI: Using host bridge windows from ACPI; if necessary, use "pci=nocrs" and report a bug
[    3.447295] ACPI: PCI Root Bridge [PCI0] (domain 0000 [bus 00-ff])
[    3.447991] acpi PNP0A03:00: _OSC: OS supports [ASPM ClockPM Segments MSI]
[    3.448739] acpi PNP0A03:00: _OSC: not requesting OS control; OS requires [ExtendedConfig ASPM ClockPM MSI]
[    3.451036] acpi PNP0A03:00: fail to add MMCONFIG information, can't access extended PCI configuration space under this bridge.
[    3.452689] PCI host bridge to bus 0000:00
[    3.453251] pci_bus 0000:00: root bus resource [io  0x0000-0x0cf7 window]
[    3.453987] pci_bus 0000:00: root bus resource [io  0x0d00-0xffff window]
[    3.454721] pci_bus 0000:00: root bus resource [mem 0x000a0000-0x000bffff window]
[    3.455654] pci_bus 0000:00: root bus resource [mem 0x40000000-0xffdfffff window]
[    3.456600] pci_bus 0000:00: root bus resource [bus 00-ff]
[    3.458214] pci 0000:00:01.1: legacy IDE quirk: reg 0x10: [io  0x01f0-0x01f7]
[    3.458977] pci 0000:00:01.1: legacy IDE quirk: reg 0x14: [io  0x03f6]
[    3.459690] pci 0000:00:01.1: legacy IDE quirk: reg 0x18: [io  0x0170-0x0177]
[    3.460466] pci 0000:00:01.1: legacy IDE quirk: reg 0x1c: [io  0x0376]
[    3.470285] pci 0000:00:07.0: quirk: [io  0x4000-0x403f] claimed by PIIX4 ACPI
[    3.686396] pci 0000:00:07.0: quirk: [io  0x4100-0x410f] claimed by PIIX4 SMB
[    3.867418] ACPI: PCI Interrupt Link [LNKA] (IRQs 5 9 10 *11)
[    4.000922] ACPI: PCI Interrupt Link [LNKB] (IRQs 5 9 10 *11)
[    4.152661] ACPI: PCI Interrupt Link [LNKC] (IRQs 5 9 *10 11)
[    4.304438] ACPI: PCI Interrupt Link [LNKD] (IRQs 5 *9 10 11)
[    4.453360] ACPI: Enabled 2 GPEs in block 00 to 07
[    4.504882] vgaarb: setting as boot device: PCI:0000:00:02.0
[    4.612241] vgaarb: device added: PCI:0000:00:02.0,decodes=io+mem,owns=io+mem,locks=none
[    4.849007] vgaarb: loaded
[    4.931466] vgaarb: bridge control possible 0000:00:02.0
[    5.071507] SCSI subsystem initialized
[    5.072163] ACPI: bus type USB registered
[    5.072762] usbcore: registered new interface driver usbfs
[    5.073519] usbcore: registered new interface driver hub
[    5.074220] usbcore: registered new device driver usb
[    5.075454] PCI: Using ACPI for IRQ routing
[    5.076219] NetLabel: Initializing
[    5.076741] NetLabel:  domain hash size = 128
[    5.082639] NetLabel:  protocols = UNLABELED CIPSOv4
[    5.083306] NetLabel:  unlabeled traffic allowed by default
[    5.084147] amd_nb: Cannot enumerate AMD northbridges
[    5.084882] clocksource: Switched to clocksource kvm-clock
[    5.090131] AppArmor: AppArmor Filesystem Enabled
[    5.092477] pnp: PnP ACPI init
[    5.094430] pnp: PnP ACPI: found 3 devices
[    5.102477] clocksource: acpi_pm: mask: 0xffffff max_cycles: 0xffffff, max_idle_ns: 2085701024 ns
[    5.103686] NET: Registered protocol family 2
[    5.104392] TCP established hash table entries: 8192 (order: 4, 65536 bytes)
[    5.105329] TCP bind hash table entries: 8192 (order: 5, 131072 bytes)
[    5.106146] TCP: Hash tables configured (established 8192 bind 8192)
[    5.106946] UDP hash table entries: 512 (order: 2, 16384 bytes)
[    5.107696] UDP-Lite hash table entries: 512 (order: 2, 16384 bytes)
[    5.108508] NET: Registered protocol family 1
[    5.109128] pci 0000:00:00.0: Limiting direct PCI/PCI transfers
[    5.109888] pci 0000:00:01.0: Activating ISA DMA hang workarounds
[    5.110735] Unpacking initramfs...
[   66336633]]FFeeiiggiinitrd memory: 10792K
[    6.592281] platform rtc_cmos: registered platform RTC device (no PNP device found)
[    6.593297] Scanning for low memory corruption every 60 seconds
[    6.594297] audit: initializing netlink subsys (disabled)
[    6.594941] audit: type=2000 audit(1519309179.522:1): initialized
[    6.595813] Initialise system trusted keyring
[    6.596522] HugeTLB registered 2 MB page size, pre-allocated 0 pages
[    6.598263] zbud: loaded
[   66.72299]]VVSS  iikkqqooaa  qqoo__....
[   77110099]]VVSS: qqoo--aahhe aahhttbbeeeettiiss: 512 (order 0, 4096 bytes)
[    7.617371] tsc: Refined TSC clocksource calibration: 3407.911 MHz
[    7.632752] clocksource: tsc: mask: 0xffffffffffffffff max_cycles: 0x311f7f8de19, max_idle_ns: 440795258319 ns
[    7.633016] squashfs: version 4.0 (2009/01/31) Phillip Lougher
[    7.642814] fuse init (API version 7.23)
[    7.643540] Key type big_key registered
[    7.644126] Allocating IMA MOK and blacklist keyrings.
[    7.645503] Key type asymmetric registered
[    7.646083] Asymmetric key parser 'x509' registered
[    7.646755] Block layer SCSI generic (bsg) driver version 0.4 loaded (major 249)
[    7.647812] io scheduler noop registered
[    7.648369] io scheduler deadline registered (default)
[    7.649135] io scheduler cfq registered
[    7.649844] pci_hotplug: PCI Hot Plug PCI Core version: 0.5
[    7.650564] pciehp: PCI Express Hot Plug Controller Driver version: 0.4
[    7.651461] ACPI: AC Adapter [AC] (on-line)
[    7.652081] input: Power Button as /devices/LNXSYSTM:00/LNXPWRBN:00/input/input0
[    7.653165] ACPI: Power Button [PWRF]
[    7.653737] input: Sleep Button as /devices/LNXSYSTM:00/LNXSLPBN:00/input/input1
[    7.654763] ACPI: Sleep Button [SLPF]
[    7.655437] GHES: HEST is not enabled!
[    7.656092] Serial: 8250/16550 driver, 32 ports, IRQ sharing enabled
[    7.678061] 00:02: ttyS0 at I/O 0x3f8 (irq = 4, base_baud = 115200) is a 16550A
[    7.681882] Linux agpgart interface v0.103
[    7.691915] loop: module loaded
[    7.695931] scsi host0: ata_piix
[    7.696555] scsi host1: ata_piix
[    7.697082] ata1: PATA max UDMA/33 cmd 0x1f0 ctl 0x3f6 bmdma 0xd000 irq 14
[    7.697925] ata2: PATA max UDMA/33 cmd 0x170 ctl 0x376 bmdma 0xd008 irq 15
[    7.698813] libphy: Fixed MDIO Bus: probed
[    7.699418] tun: Universal TUN/TAP device driver, 1.6
[    7.700094] tun: (C) 1999-2004 Max Krasnyansky <maxk@qualcomm.com>
[    7.700997] PPP generic driver version 2.4.2
[    7.701705] ehci_hcd: USB 2.0 'Enhanced' Host Controller (EHCI) Driver
[    7.702534] ehci-pci: EHCI PCI platform driver
[    7.703160] ehci-platform: EHCI generic platform driver
[    7.703861] ohci_hcd: USB 1.1 'Open' Host Controller (OHCI) Driver
[    7.704653] ohci-pci: OHCI PCI platform driver
[    7.705296] ohci-platform: OHCI generic platform driver
[    7.705985] uhci_hcd: USB Universal Host Controller Interface driver
[    7.706812] i8042: PNP: PS/2 Controller [PNP0303:PS2K,PNP0f03:PS2M] at 0x60,0x64 irq 1,12
[    7.708272] serio: i8042 KBD port at 0x60,0x64 irq 1
[    7.709018] serio: i8042 AUX port at 0x60,0x64 irq 12
[    7.709873] mousedev: PS/2 mouse device common for all mice
[    7.710875] input: AT Translated Set 2 keyboard as /devices/platform/i8042/serio0/input/input2
[    7.715147] rtc_cmos rtc_cmos: rtc core: registered rtc_cmos as rtc0
[    7.717767] rtc_cmos rtc_cmos: alarms up to one day, 114 bytes nvram
[    7.718564] i2c /dev entries driver
[    7.719114] device-mapper: uevent: version 1.0.3
[    7.719813] device-mapper: ioctl: 4.34.0-ioctl (2015-10-28) initialised: dm-devel@redhat.com
[    7.720985] ledtrig-cpu: registered to indicate activity on CPUs
[    7.722081] NET: Registered protocol family 10
[    7.722852] NET: Registered protocol family 17
[    7.723468] Key type dns_resolver registered
[    7.724207] microcode: CPU0 sig=0x506e3, pf=0x2, revision=0x0
[    7.725001] microcode: CPU1 sig=0x506e3, pf=0x2, revision=0x0
[    7.729607] microcode: Microcode Update Driver: v2.01 <tigran@aivazian.fsnet.co.uk>, Peter Oruba
[    7.737888] registered taskstats version 1
[    7.741124] Loading compiled-in X.509 certificates
[    7.742196] Loaded X.509 cert 'Build time autogenerated kernel key: 4c603087bab8f0a02cb3b4e1fb4c40f507e71ef1'
[    7.743481] zswap: loaded using pool lzo/zbud
[    7.745628] Key type trusted registered
[    7.751966] Key type encrypted registered
[    7.752548] AppArmor: AppArmor sha1 policy hashing enabled
[    7.753282] ima: No TPM chip found, activating TPM-bypass!
[    7.754003] evm: HMAC attrs: 0x1
[    7.754658]   Magic number: 6:384:334
[    7.755199] tty tty55: hash matches
[    7.755796] rtc_cmos rtc_cmos: setting system clock to 2018-02-22 14:19:40 UTC (1519309180)
[    7.757009] BIOS EDD facility v0.16 2004-Jun-25, 0 devices found
[    7.761468] EDD information not available.
[    7.859917] Freeing unused kernel memory: 1508K
[    7.870032] Write protecting the kernel read-only data: 14336k
[    7.873752] Freeing unused kernel memory: 1728K
[    7.876481] Freeing unused kernel memory: 108K
Loading, please wait...
starting version[    7.912494] random: systemd-udevd: uninitialized urandom read (16 bytes read, 3 bits of entropy available)
 229
[    7.913966] random: udevadm: uninitialized urandom read (16 bytes read, 3 bits of entropy available)
[    7.914023] random: udevadm: uninitialized urandom read (16 bytes read, 3 bits of entropy available)
[    7.931483] random: udevadm: uninitialized urandom read (16 bytes read, 3 bits of entropy available)
[    7.931541] random: udevadm: uninitialized urandom read (16 bytes read, 3 bits of entropy available)
[    7.931750] random: udevadm: uninitialized urandom read (16 bytes read, 3 bits of entropy available)
[    7.931872] random: udevadm: uninitialized urandom read (16 bytes read, 3 bits of entropy available)
[    7.931954] random: udevadm: uninitialized urandom read (16 bytes read, 3 bits of entropy available)
[    7.932035] random: udevadm: uninitialized urandom read (16 bytes read, 3 bits of entropy available)
[    7.932114] random: udevadm: uninitialized urandom read (16 bytes read, 3 bits of entropy available)
[    7.980739] e1000: Intel(R) PRO/1000 Network Driver - version 7.3.21-k8-NAPI
[    7.989393] e1000: Copyright (c) 1999-2006 Intel Corporation.
[    7.994043] Fusion MPT base driver 3.04.20
[    8.001397] Copyright (c) 1999-2008 LSI Corporation
[    8.006031] Fusion MPT SPI Host driver 3.04.20
[    8.018974] AVX version of gcm_enc/dec engaged.
[    8.472139] AES CTR mode by8 optimization enabled
[    8.570327] input: ImExPS/2 Generic Explorer Mouse as /devices/platform/i8042/serio1/input/input4
[    8.792716] e1000 0000:00:03.0 eth0: (PCI:33MHz:32-bit) 02:1f:2a:60:99:e3
[    8.902522] e1000 0000:00:03.0 eth0: Intel(R) PRO/1000 Network Connection
[    9.011430] mptbase: ioc0: Initiating bringup
[    9.011843] e1000 0000:00:03.0 enp0s3: renamed from eth0
[    9.085358] ioc0: LSI53C1030 A0: Capabilities={Initiator}
[    9.272049] scsi host2: ioc0: LSI53C1030 A0, FwRev=00000000h, Ports=1, MaxQ=256, IRQ=20
[    9.702036] scsi 2:0:0:0: Direct-Access     VBOX     HARDDISK         1.0  PQ: 0 ANSI: 5
[    9.736499] scsi target2:0:0: Beginning Domain Validation
[    9.737984] scsi target2:0:0: Domain Validation skipping write tests
[    9.739930] scsi target2:0:0: Ending Domain Validation
[    9.740745] scsi target2:0:0: asynchronous
[    9.741652] scsi 2:0:1:0: Direct-Access     VBOX     HARDDISK         1.0  PQ: 0 ANSI: 5
[    9.742886] scsi target2:0:1: Beginning Domain Validation
[    9.744213] scsi target2:0:1: Domain Validation skipping write tests
[    9.754633] scsi target2:0:1: Ending Domain Validation
[    9.755357] scsi target2:0:1: asynchronous
[    9.759255] sd 2:0:0:0: Attached scsi generic sg0 type 0
[    9.810408] sd 2:0:0:0: [sda] 20971520 512-byte logical blocks: (10.7 GB/10.0 GiB)
[    9.812917] sd 2:0:1:0: Attached scsi generic sg1 type 0
[    9.862505] sd 2:0:1:0: [sdb] 20480 512-byte logical blocks: (10.5 MB/10.0 MiB)
[    9.867699] sd 2:0:0:0: [sda] Write Protect is off
[    9.868577] sd 2:0:0:0: [sda] Incomplete mode parameter data
[    9.869371] sd 2:0:0:0: [sda] Assuming drive cache: write through
[    9.870160] sd 2:0:1:0: [sdb] Write Protect is off
[    9.871271] sd 2:0:1:0: [sdb] Incomplete mode parameter data
[    9.872033] sd 2:0:1:0: [sdb] Assuming drive cache: write through
[    9.875424]  sda: sda1
[    9.879253] sd 2:0:0:0: [sda] Attached SCSI disk
[    9.882776] sd 2:0:1:0: [sdb] Attached SCSI disk
[   11.493239] floppy0: no floppy controllers found
Begin: Loading e[   12.915132] md: linear personality registered for level -1
ssential drivers ... [   12.931309] md: multipath personality registered for level -4
[   12.940507] md: raid0 personality registered for level 0
[   12.943127] md: raid1 personality registered for level 1
[   13.012965] raid6: sse2x1   gen() 11105 MB/s
[   13.080919] raid6: sse2x1   xor()  6743 MB/s
[   13.148955] raid6: sse2x2   gen() 13332 MB/s
[   13.216952] raid6: sse2x2   xor()  9112 MB/s
[   13.284953] raid6: sse2x4   gen() 14611 MB/s
[   13.352959] raid6: sse2x4   xor() 10099 MB/s
[   13.353554] raid6: using algorithm sse2x4 gen() 14611 MB/s
[   13.354257] raid6: .... xor() 10099 MB/s, rmw enabled
[   13.354919] raid6: using ssse3x2 recovery algorithm
[   13.356493] xor: automatically using best checksumming function:
[   13.681889]    avx       : 58307.000 MB/sec
[   13.685477] async_tx: api initialized (async)
[   13.766494] md: raid6 personality registered for level 6
[   13.867649] md: raid5 personality registered for level 5
[   13.946513] md: raid4 personality registered for level 4
[   13.951696] md: raid10 personality registered for level 10
done.
Begin: Running /scripts/init-premount ... done.
Begin: Mounting root file system ... Begin: Running /scripts/local-top ... done.
Begin: Running /scripts/local-premount ... [   13.994684] Btrfs loaded
Scanning for Btrfs filesystems
done.
Warning: fsck not present, so skipping root file system
[   14.096594] EXT4-fs (sda1): mounted filesystem with ordered data mode. Opts: (null)
done.
Begin: Running /scripts/local-bottom ... done.
Begin: Running /scripts/init-bottom ... done.
[   14.13333]]sssseedd11:: ssseedd2299rrnniingiin system mode. (+PAM +AUDIT +SELINUX +IMA +APPARMOR +SMACK +SYSVINIT +UTMP +LIBCRYPTSETUP +GCRYPT +GNUTLS +ACL +XZ -LZ4 +SECCOMP +BLKID +ELFUTILS +KMOD -IDN)
[   14.623917] systemd[1]: Detected virtualization oracle.
[   14.626237] systemd[1]: Detected architecture x86-64.

Welcome to [1mUbuntu 16.04.3 LTS[0m!

[   14.658215] systemd[1]: Set hostname to <ubuntu-xenial>.
[   14.796892] systemd[1]: Listening on Journal Socket.
[[0;32m  OK  [0m] Listening on Journal Socket.
[   14.814186] systemd[1]: Listening on udev Control Socket.
[[0;32m  OK  [0m] Listening on udev Control Socket.
[   14.815462] systemd[1]: Started Forward Password Requests to Wall Directory Watch.
[[0;32m  OK  [0m] Started Forward Password Requests to Wall Directory Watch.
[   14.818293] systemd[1]: Listening on udev Kernel Socket.
[[0;32m  OK  [0m] Listening on udev Kernel Socket.
[   14.819537] systemd[1]: Listening on Journal Socket (/dev/log).
[[0;32m  OK  [0m] Listening on Journal Socket (/dev/log).
[   14.820845] systemd[1]: Reached target User and Group Name Lookups.
[[0;32m  OK  [0m] Reached target User and Group Name Lookups.
[   14.834143] systemd[1]: Listening on Journal Audit Socket.
[[0;32m  OK  [0m] Listening on Journal Audit Socket.
[   14.835392] systemd[1]: Reached target Encrypted Volumes.
[[0;32m  OK  [0m] Reached target Encrypted Volumes.
[   14.836875] systemd[1]: Created slice System Slice.
[[0;32m  OK  [0m] Created slice System Slice.
[   14.852995] systemd[1]: Starting Set console keymap...
         Starting Set console keymap...
[   14.857521] systemd[1]: Mounting Debug File System...
         Mounting Debug File System...
[   14.897121] systemd[1]: Starting Nameserver information manager...
         Starting Nameserver information manager...
[   15.000951] systemd[1]: Starting Remount Root and Kernel File Systems...
         Starting Remount Root and Kernel[   15.005895] EXT4-fs (sda1): re-mounted. Opts: (null)
 File Systems...
[   15.263153] systemd[1]: Mounting Huge Pages File System...
         Mounting Huge Pages File System...
[   15.264470] systemd[1]: Listening on /dev/initctl Compatibility Named Pipe.
[[0;32m  OK  [0m] Listening on /dev/initctl Compatibility Named Pipe.
[   15.266121] systemd[1]: Listening on Syslog Socket.
[[0;32m  OK  [0m] Listening on Syslog Socket.
[   15.267906] systemd[1]: Starting Journal Service...
         Starting Journal Service...
[   15.269316] systemd[1]: Set up automount Arbitrary Executable File Formats File System Automount Point.
[[0;32m  OK  [0m] Set up automount Arbitrary Executab...ats File System Automount Point.
[   15.271975] systemd[1]: Mounting POSIX Message Queue File System...
         Mounting POSIX Message Queue File System...
[   15.273516] systemd[1]: Reached target Swap.
[[0;32m  OK  [0m] Reached target Swap.
[   15.274855] systemd[1]: Listening on LVM2 metadata daemon socket.
[[0;32m  OK  [0m] Listening on LVM2 metadata daemon socket.
[   15.276416] systemd[1]: Listening on Device-mapper event daemon FIFOs.
[[0;32m  OK  [0m] Listening on Device-mapper event daemon FIFOs.
[   15.278723] systemd[1]: Starting Monitoring of LVM2 mirrors, snapshots etc. using dmeventd or progress polling...
         Starting Monitoring of LVM2 mirrors... dmeventd or progress polling...
[   15.282528] systemd[1]: Created slice system-serial\x2dgetty.slice.
[[0;32m  OK  [0m] Created slice system-serial\x2dgetty.slice.
[   15.527435] random: nonblocking pool is initialized
[   15.677356] systemd[1]: Starting Load Kernel Modules...
         [   15.836874] Loading iSCSI transport class v2.0-870.
Starting Load Kernel Modules...
[   16.042850] systemd[1]: Created slice User and Session Slice.
[[0;32m  OK  [0m] Created slice User and Session Slice.
[   16.057405] iscsi: registered transport (tcp)
[   16.062260] systemd[1]: Reached target Slices.
[[0;32m  OK  [0m] Reached target Slices.
[   16.067158] systemd[1]: Listening on LVM2 poll daemon socket.
[[0;32m  OK  [0m] Listening on LVM2 poll daemon socket.
[   16.081114] systemd[1]: Starting Createllist of required static device nodes for the current kernel...
         [   16.929373] iscsi: registered transport (iser)
Starting Create list of required st... nodes for the current kernel...
[   17.104111] systemd[1]: Started Trigger resolvconf update for networkd DNS.
[[0;32m  OK  [0m] Started Trigger resolvconf update for networkd DNS.
[   17.107072] systemd[1]: Starting Uncomplicated firewall...
         Starting Uncomplicated firewall...
[   17.116427] systemd[1]: Mounted Huge Pages File System.
[[0;32m  OK  [0m] Mounted Huge Pages File System.
[   17.117707] systemd[1]: Mounted Debug File System.
[[0;32m  OK  [0m] Mounted Debug File System.
[   17.118864] systemd[1]: Mounted POSIX Message Queue File System.
[[0;32m  OK  [0m] Mounted POSIX Message Queue File System.
[   17.120241] systemd[1]: Started Journal Service.
[[0;32m  OK  [0m] Started Journal Service.
[[0;32m  OK  [0m] Started Set console keymap.
[[0;32m  OK  [0m] Started Remount Root and Kernel File Systems.
[[0;32m  OK  [0m] Started Load Kernel Modules.
[[0;32m  OK  [0m] Started Create list of required sta...ce nodes for the current kernel.
[[0;32m  OK  [0m] Started Uncomplicated firewall.
[[0;32m  OK  [0m] Started Nameserver information manager.
[[0;32m  OK  [0m] Started LVM2 metadata daemon.
         Starting Create Static Device Nodes in /dev...
         Mounting FUSE Control File System...
         Starting Apply Kernel Variables...
         Starting udev Coldplug all Devices...
         Starting Load/Save Random Seed...
         Starting Initial cloud-init job (pre-networking)...
         Starting Flush Journal to Persistent Storage...
[[0;32m  OK  [0m] Mounted FUSE Control File System.
[[0;32m  OK  [0m] Started Create Static Device Nodes in /dev.
[[0;32m  OK  [0m] Started Apply Kernel Variables.
[[0;32m  OK  [0m] Started Load/Save Random Seed.
[[0;32m  OK  [0m] Started Flush Journal to Persistent Storage.
[[0;32m  OK  [0m] Started udev Coldplug all Devices.
         Starting udev Kernel Device Manager...
[[0;32m  OK  [0m] Started udev Kernel Device Manager.
[[0;32m  OK  [0m] Started Monitoring of LVM2 mirrors,...ng dmeventd or progress polling.
[[0;32m  OK  [0m] Found device /dev/ttyS0.
[[0;32m  OK  [0m] Reached target Local File Systems (Pre).
[[0;32m  OK  [0m] Reached target Local File Systems.
         Starting Create Volatile Files and Directories...
         Starting LSB: AppArmor initialization...
         Starting Tell Plymouth To Write Out Runtime Data...
[   13.481554] cloud-init[460]: Cloud-init v. 17.1 running 'init-local' at Thu, 22 Feb 2018 14:19:50 +0000. Up 13.29 seconds.
         Starting Set console font and keymap...
[[0;32m  OK  [0m] Started Dispatch Password Requests to Console Directory Watch.
[[0;32m  OK  [0m] Started Create Volatile Files and Directories.
[[0;32m  OK  [0m] Started Tell Plymouth To Write Out Runtime Data.
[[0;32m  OK  [0m] Started Set console font and keymap.
[[0;32m  OK  [0m] Started Initial cloud-init job (pre-networking).
[[0;32m  OK  [0m] Listening on Load/Save RF Kill Switch Status /dev/rfkill Watch.
[[0;32m  OK  [0m] Reached target Network (Pre).
[[0;32m  OK  [0m] Created slice system-getty.slice.
[[0;32m  OK  [0m] Reached target System Time Synchronized.
         Starting Update UTMP about System Boot/Shutdown...
[[0;32m  OK  [0m] Started LSB: AppArmor initialization.
[[0;32m  OK  [0m] Started ifup for enp0s3.
         Starting Raise network interfaces...
[[0;32m  OK  [0m] Started Update UTMP about System Boot/Shutdown.
[[0;32m  OK  [0m] Started Raise network interfaces.
         Starting Initial cloud-init job (metadata service crawler)...
[[0;32m  OK  [0m] Reached target Network.
[   16.737302] cloud-init[976]: Cloud-init v. 17.1 running 'init' at Thu, 22 Feb 2018 14:19:53 +0000. Up 16.50 seconds.
[   16.820453] [[0;32m  OK  [0m] Started Initial cloud-init job (metadata service crawler).
cloud-init[976]: ci-info: +++++++++++++++++++++++++++++++++++++Net device info++++++++++++++++++++++++++++++++++++++[[0;32m  OK  [0m] Reached target Cloud-config availability.
[[0;32m  OK  [0m] Reached target Network is Online.

[   16.825715] cloud-init[976]: ci-info: +--------+------+----------------------------+---------------+-------+-------------------+
[   16.828274] cloud-init[976]: ci-info: | Device |  Up  |          Address           |      Mask     | Scope |     Hw-Address    |
[   16.830744] cloud-init[976]: ci-info: +--------+------+----------------------------+---------------+-------+-------------------+
[   16.848792] cloud-init[976]: ci-info: | enp0s3 | True |         10.0.2.15          | 255.255.255.0 |   .   | 02:1f:2a:60:99:e3 |
[   16.849913] cloud-init[976]: ci-info: | enp0s3 | True | fe80::1f:2aff:fe60:99e3/64 |       .       |  link | 02:1f:2a:60:99:e3 |
         Starting iSCSI initiator daemon (iscsid)...
[[   16.850339] cloud-init[976]: ci-info: |   lo   | True |         127.0.0.1          |   255.0.0.0   |   .   |         .         |
[   17.005713] cloud-init[976]: ci-info: |   lo   | True |          ::1/128           |       .       |  host |         .         |
[0;32m  OK  [0m] Reached target System Initialization.
[   17.005954] cloud-init[976]: ci-info: +--------+------+----------------------------+---------------+-------+-------------------+
[   17.244896] cloud-init[976]: ci-info: +++++++++++++++++++++++++++Route IPv4 info++++++++++++++++++++++++++++
[   17.245676] cloud-init[976]: ci-info: +-------+-------------+----------+---------------+-----------+-------+
[[0;32m  OK  [0m] Started Timer to automatically refresh installed snaps.
[   17.245972] cloud-init[976]: ci-info: | Route | Destination | Gateway  |    Genmask    | Interface | Flags |
[   17.345472] cloud-init[976]: ci-info: +-------+-------------+----------+---------------+-----------+-------+
[   17.346055] cloud-init[976]: ci-info: |   0   |   0.0.0.0   | 10.0.2.2 |    0.0.0.0    |   enp0s3  |   UG  |
[   17.346714] cloud-init[976]: ci-info: |   1   |   10.0.2.0  | 0.0.0.0  | 255.255.255.0 |   enp0s3  |   U   |
[   17.346958] cloud-init[976]: ci-info: +-------+-------------+----------+---------------+-----------+-------+
[[0;32m  OK  [0m] Started Daily Cleanup of Temporary Directories.
[[0;32m  OK  [0m] Listening on ACPID Listen Socket.
         Starting Socket activation for snappy daemon.
         Starting LXD - unix socket.
[[0;32m  OK  [0m] Started ACPI Events Check.
[[0;32m  OK  [0m] Reached target Paths.
[[0;32m  OK  [0m] Listening on D-Bus System Message Bus Socket.
[[0;32m  OK  [0m] Listening on UUID daemon activation socket.
[[0;32m  OK  [0m] Started Daily apt download activities.
[[0;32m  OK  [0m] Started Daily apt upgrade and clean activities.
[[0;32m  OK  [0m] Reached target Timers.
[[0;32m  OK  [0m] Listening on Socket activation for snappy daemon.
[[0;32m  OK  [0m] Listening on LXD - unix socket.
[[0;32m  OK  [0m] Started iSCSI initiator daemon (iscsid).
         Starting Login to default iSCSI targets...
[[0;32m  OK  [0m] Reached target Sockets.
[[0;32m  OK  [0m] Reached target Basic System.
         Starting Apply the settings specified in cloud-config...
         Starting LSB: MD monitoring daemon...
[[0;32m  OK  [0m] Started Regular background program processing daemon.
[   17.885514] cloud-init[1036]: Cloud-init v. 17.1 running 'modules:config' at Thu, 22 Feb 2018 14:19:55 +0000. Up 17.80 seconds.
         Starting /etc/rc.local Compatibility...
         Starting LSB: Record successful boot for GRUB...
[[0;32m  OK  [0m] Started Unattended Upgrades Shutdown.
         Starting Login Service...
[[0;32m  OK  [0m] Started D-Bus System Message Bus.
         Starting System Logging Service...
         Starting MySQL Community Server...
[[0;32m  OK  [0m] Started FUSE filesystem for LXC.
         Starting LXD - container startup/shutdown...
         Starting Accounts Service...
[[0;32m  OK  [0m] Started ACPI event daemon.
         Starting OpenBSD Secure Shell server...
[[0;32m  OK  [0m] Started Deferred execution scheduler.
         Starting Puppet agent...
         Starting Snappy daemon...
[[0;32m  OK  [0m] Started System Logging Service.
[[0;32m  OK  [0m] Started Apply the settings specified in cloud-config.
[[0;32m  OK  [0m] Started /etc/rc.local Compatibility.
[[0;32m  OK  [0m] Started Login to default iSCSI targets.
[[0;32m  OK  [0m] Started LSB: MD monitoring daemon.
[[0;32m  OK  [0m] Started LSB: Record successful boot for GRUB.
[[0;32m  OK  [0m] Started LXD - container startup/shutdown.
[[0;32m  OK  [0m] Started OpenBSD Secure Shell server.
[[0;32m  OK  [0m] Started Snappy daemon.
[[0;32m  OK  [0m] Started Login Service.
         Starting Authenticate and Authorize Users to Run Privileged Tasks...
[[0;32m  OK  [0m] Reached target Remote File Systems (Pre).
[[0;32m  OK  [0m] Reached target Remote File Systems.
         Starting LSB: Set the CPU Frequency Scaling governor to "ondemand"...
         Starting LSB: automatic crash report generation...
         Starting LSB: VirtualBox Linux Additions...
         Starting LSB: Apache2 web server...
         Starting Permit User Sessions...
         Starting LSB: daemon to balance interrupts for SMP systems...
[[0;32m  OK  [0m] Started Permit User Sessions.
[[0;32m  OK  [0m] Started Authenticate and Authorize Users to Run Privileged Tasks.
[[0;32m  OK  [0m] Started Accounts Service.
[[0;32m  OK  [0m] Started LSB: Set the CPU Frequency Scaling governor to "ondemand".
         Starting Terminate Plymouth Boot Screen...
         Starting Hold until boot process finishes up...
[[0;32m  OK  [0m] Started MySQL Community Server.
[[0;32m  OK  [0m] Started LSB: automatic crash report generation.
[[0;32m  OK  [0m] Started LSB: VirtualBox Linux Additions.
[[0;32m  OK  [0m] Started LSB: daemon to balance interrupts for SMP systems.
[[0;32m  OK  [0m] Started Terminate Plymouth Boot Screen.
[[0;32m  OK  [0m] Started Hold until boot process finishes up.
         Starting Set console scheme...
[[0;32m  OK  [0m] Started Getty on tty1.
[[0;32m  OK  [0m] Started Serial Getty on ttyS0.
[[0;32m  OK  [0m] Reached target Login Prompts.
[[0;32m  OK  [0m] Started Set console scheme.
[[0;32m  OK  [0m] Started Puppet agent.
[[0;32m  OK  [0m] Started LSB: Apache2 web server.
[[0;32m  OK  [0m] Reached target Multi-User System.
[[0;32m  OK  [0m] Reached target Graphical Interface.
         Starting Update UTMP about System Runlevel Changes...
         Starting Execute cloud user/final scripts...
[[0;32m  OK  [0m] Started Update UTMP about System Runlevel Changes.
[   21.039637] cloud-init[1301]: Cloud-init v. 17.1 running 'modules:final' at Thu, 22 Feb 2018 14:19:58 +0000. Up 20.95 seconds.
[   21.044294] cloud-init[1301]: Cloud-init v. 17.1 finished at Thu, 22 Feb 2018 14:19:58 +0000. Datasource DataSourceNoCloud [seed=/dev/sdb][dsmode=net].  Up 21.03 seconds
[[0;32m  OK  [0m] Started Execute cloud user/final scripts.
[[0;32m  OK  [0m] Reached target Cloud-init target.

Ubuntu 16.04.3 LTS ubuntu-xenial ttyS0

ubuntu-xenial login: 